<?xml version="1.0" encoding="UTF-8"?>
<testng-results ignored="1" total="4" passed="2" failed="1" skipped="0">
  <reporter-output>
  </reporter-output>
  <suite started-at="2023-08-23T14:34:19 IST" name="Surefire suite" finished-at="2023-08-23T14:35:59 IST" duration-ms="100137">
    <groups>
    </groups>
    <test started-at="2023-08-23T14:34:19 IST" name="Surefire test" finished-at="2023-08-23T14:35:59 IST" duration-ms="100137">
      <class name="com.apollo2.HSB_65.imageloading">
        <test-method is-config="true" signature="setup()[pri:0, instance:com.apollo2.HSB_65.imageloading@1165b38]" started-at="2023-08-23T14:34:19 IST" name="setup" finished-at="2023-08-23T14:34:20 IST" duration-ms="1072" status="PASS">
          <reporter-output>
          </reporter-output>
        </test-method> <!-- setup -->
        <test-method signature="login()[pri:1, instance:com.apollo2.HSB_65.imageloading@1165b38]" started-at="2023-08-23T14:34:20 IST" name="login" finished-at="2023-08-23T14:35:22 IST" duration-ms="61586" status="PASS">
          <reporter-output>
          </reporter-output>
        </test-method> <!-- login -->
        <test-method signature="sectionselect()[pri:2, instance:com.apollo2.HSB_65.imageloading@1165b38]" started-at="2023-08-23T14:35:22 IST" name="sectionselect" finished-at="2023-08-23T14:35:35 IST" duration-ms="13628" status="PASS">
          <reporter-output>
          </reporter-output>
        </test-method> <!-- sectionselect -->
        <test-method signature="imagelaodingcell()[pri:4, instance:com.apollo2.HSB_65.imageloading@1165b38]" started-at="2023-08-23T14:35:35 IST" name="imagelaodingcell" finished-at="2023-08-23T14:35:57 IST" duration-ms="21798" status="FAIL">
          <exception class="java.lang.AssertionError">
            <message>
              <![CDATA[Values should be different. Actual: B_118_FB10-SL_357-ST_NISL-SE_1069_compressed.jp2]]>
            </message>
            <full-stacktrace>
              <![CDATA[java.lang.AssertionError: Values should be different. Actual: B_118_FB10-SL_357-ST_NISL-SE_1069_compressed.jp2
at org.junit.Assert.fail(Assert.java:88)
at org.junit.Assert.failEquals(Assert.java:185)
at org.junit.Assert.assertNotEquals(Assert.java:161)
at org.junit.Assert.assertNotEquals(Assert.java:175)
at com.apollo2.HSB_65.imageloading.imagelaodingcell(imageloading.java:130)
at java.base/jdk.internal.reflect.NativeMethodAccessorImpl.invoke0(Native Method)
at java.base/jdk.internal.reflect.NativeMethodAccessorImpl.invoke(NativeMethodAccessorImpl.java:77)
at java.base/jdk.internal.reflect.DelegatingMethodAccessorImpl.invoke(DelegatingMethodAccessorImpl.java:43)
at java.base/java.lang.reflect.Method.invoke(Method.java:568)
at org.testng.internal.MethodInvocationHelper.invokeMethod(MethodInvocationHelper.java:133)
at org.testng.internal.TestInvoker.invokeMethod(TestInvoker.java:598)
at org.testng.internal.TestInvoker.invokeTestMethod(TestInvoker.java:173)
at org.testng.internal.MethodRunner.runInSequence(MethodRunner.java:46)
at org.testng.internal.TestInvoker$MethodInvocationAgent.invoke(TestInvoker.java:824)
at org.testng.internal.TestInvoker.invokeTestMethods(TestInvoker.java:146)
at org.testng.internal.TestMethodWorker.invokeTestMethods(TestMethodWorker.java:146)
at org.testng.internal.TestMethodWorker.run(TestMethodWorker.java:128)
at java.base/java.util.ArrayList.forEach(ArrayList.java:1511)
at org.testng.TestRunner.privateRun(TestRunner.java:794)
at org.testng.TestRunner.run(TestRunner.java:596)
at org.testng.SuiteRunner.runTest(SuiteRunner.java:377)
at org.testng.SuiteRunner.runSequentially(SuiteRunner.java:371)
at org.testng.SuiteRunner.privateRun(SuiteRunner.java:332)
at org.testng.SuiteRunner.run(SuiteRunner.java:276)
at org.testng.SuiteRunnerWorker.runSuite(SuiteRunnerWorker.java:53)
at org.testng.SuiteRunnerWorker.run(SuiteRunnerWorker.java:96)
at org.testng.TestNG.runSuitesSequentially(TestNG.java:1212)
at org.testng.TestNG.runSuitesLocally(TestNG.java:1134)
at org.testng.TestNG.runSuites(TestNG.java:1063)
at org.testng.TestNG.run(TestNG.java:1031)
at org.apache.maven.surefire.testng.TestNGExecutor.run(TestNGExecutor.java:136)
at org.apache.maven.surefire.testng.TestNGDirectoryTestSuite.executeSingleClass(TestNGDirectoryTestSuite.java:112)
at org.apache.maven.surefire.testng.TestNGDirectoryTestSuite.execute(TestNGDirectoryTestSuite.java:99)
at org.apache.maven.surefire.testng.TestNGProvider.invoke(TestNGProvider.java:145)
at org.apache.maven.surefire.booter.ForkedBooter.runSuitesInProcess(ForkedBooter.java:428)
at org.apache.maven.surefire.booter.ForkedBooter.execute(ForkedBooter.java:162)
at org.apache.maven.surefire.booter.ForkedBooter.run(ForkedBooter.java:562)
at org.apache.maven.surefire.booter.ForkedBooter.main(ForkedBooter.java:548)
]]>
            </full-stacktrace>
          </exception> <!-- java.lang.AssertionError -->
          <reporter-output>
          </reporter-output>
        </test-method> <!-- imagelaodingcell -->
        <test-method is-config="true" signature="close()[pri:0, instance:com.apollo2.HSB_65.imageloading@1165b38]" started-at="2023-08-23T14:35:57 IST" name="close" finished-at="2023-08-23T14:35:59 IST" duration-ms="2029" status="PASS">
          <reporter-output>
          </reporter-output>
        </test-method> <!-- close -->
      </class> <!-- com.apollo2.HSB_65.imageloading -->
    </test> <!-- Surefire test -->
  </suite> <!-- Surefire suite -->
</testng-results>
