<?xml version="1.0" encoding="UTF-8"?>
<!-- Generated by org.testng.reporters.JUnitReportReporter -->
<testsuite hostname="vivobook-asuslaptop-x512flc-x512fl" failures="1" tests="4" name="com.apollo2.HSB_65.imageloading" time="135.763" errors="0" timestamp="2023-08-23T13:55:56 IST" skipped="1">
  <testcase classname="com.apollo2.HSB_65.imageloading" name="login" time="79.021"/>
  <system-out/>
  <testcase classname="com.apollo2.HSB_65.imageloading" name="sectionselect" time="19.430"/>
  <system-out/>
  <testcase classname="com.apollo2.HSB_65.imageloading" name="imagelaodingcell" time="37.312">
    <failure message="Values should be different. Actual: B_118_FB10-SL_357-ST_NISL-SE_1069_compressed.jp2" type="java.lang.AssertionError">
      <![CDATA[java.lang.AssertionError: Values should be different. Actual: B_118_FB10-SL_357-ST_NISL-SE_1069_compressed.jp2
at org.junit.Assert.fail(Assert.java:88)
at org.junit.Assert.failEquals(Assert.java:185)
at org.junit.Assert.assertNotEquals(Assert.java:161)
at org.junit.Assert.assertNotEquals(Assert.java:175)
at com.apollo2.HSB_65.imageloading.imagelaodingcell(imageloading.java:130)
at java.base/jdk.internal.reflect.NativeMethodAccessorImpl.invoke0(Native Method)
at java.base/jdk.internal.reflect.NativeMethodAccessorImpl.invoke(NativeMethodAccessorImpl.java:77)
at java.base/jdk.internal.reflect.DelegatingMethodAccessorImpl.invoke(DelegatingMethodAccessorImpl.java:43)
at java.base/java.lang.reflect.Method.invoke(Method.java:568)
at org.testng.internal.MethodInvocationHelper.invokeMethod(MethodInvocationHelper.java:133)
at org.testng.internal.TestInvoker.invokeMethod(TestInvoker.java:598)
at org.testng.internal.TestInvoker.invokeTestMethod(TestInvoker.java:173)
at org.testng.internal.MethodRunner.runInSequence(MethodRunner.java:46)
at org.testng.internal.TestInvoker$MethodInvocationAgent.invoke(TestInvoker.java:824)
at org.testng.internal.TestInvoker.invokeTestMethods(TestInvoker.java:146)
at org.testng.internal.TestMethodWorker.invokeTestMethods(TestMethodWorker.java:146)
at org.testng.internal.TestMethodWorker.run(TestMethodWorker.java:128)
at java.base/java.util.ArrayList.forEach(ArrayList.java:1511)
at org.testng.TestRunner.privateRun(TestRunner.java:794)
at org.testng.TestRunner.run(TestRunner.java:596)
at org.testng.SuiteRunner.runTest(SuiteRunner.java:377)
at org.testng.SuiteRunner.runSequentially(SuiteRunner.java:371)
at org.testng.SuiteRunner.privateRun(SuiteRunner.java:332)
at org.testng.SuiteRunner.run(SuiteRunner.java:276)
at org.testng.SuiteRunnerWorker.runSuite(SuiteRunnerWorker.java:53)
at org.testng.SuiteRunnerWorker.run(SuiteRunnerWorker.java:96)
at org.testng.TestNG.runSuitesSequentially(TestNG.java:1212)
at org.testng.TestNG.runSuitesLocally(TestNG.java:1134)
at org.testng.TestNG.runSuites(TestNG.java:1063)
at org.testng.TestNG.run(TestNG.java:1031)
at org.testng.remote.AbstractRemoteTestNG.run(AbstractRemoteTestNG.java:115)
at org.testng.remote.RemoteTestNG.initAndRun(RemoteTestNG.java:251)
at org.testng.remote.RemoteTestNG.main(RemoteTestNG.java:77)
]]>
    </failure>
  </testcase> <!-- imagelaodingcell -->
  <system-out/>
  <testcase classname="com.apollo2.HSB_65.imageloading" name="imagelaodingatlas">
    <skipped/>
  </testcase> <!-- imagelaodingatlas -->
  <system-out/>
</testsuite> <!-- com.apollo2.HSB_65.imageloading -->
